dml_read_exception Object
(
    [message:protected] => Error reading from database
    [string:Exception:private] => 
    [code:protected] => 0
    [file:protected] => /var/www/html/moodle/lib/dml/moodle_database.php
    [line:protected] => 494
    [trace:Exception:private] => Array
        (
            [0] => Array
                (
                    [file] => /var/www/html/moodle/lib/dml/moodle_read_slave_trait.php
                    [line] => 293
                    [function] => query_end
                    [class] => moodle_database
                    [type] => ->
                )

            [1] => Array
                (
                    [file] => /var/www/html/moodle/lib/dml/mysqli_native_moodle_database.php
                    [line] => 1375
                    [function] => query_end
                    [class] => mysqli_native_moodle_database
                    [type] => ->
                )

            [2] => Array
                (
                    [file] => /var/www/html/moodle/lib/dml/moodle_database.php
                    [line] => 1508
                    [function] => get_records_sql
                    [class] => mysqli_native_moodle_database
                    [type] => ->
                )

            [3] => Array
                (
                    [file] => /var/www/html/moodle/lib/dml/moodle_database.php
                    [line] => 1459
                    [function] => get_records_select
                    [class] => moodle_database
                    [type] => ->
                )

            [4] => Array
                (
                    [file] => /var/www/html/moodle/plagiarism/drillbit/lib.php
                    [line] => 547
                    [function] => get_records
                    [class] => moodle_database
                    [type] => ->
                )

            [5] => Array
                (
                    [file] => /var/www/html/moodle/lib/plagiarismlib.php
                    [line] => 48
                    [function] => get_links
                    [class] => plagiarism_plugin_drillbit
                    [type] => ->
                )

            [6] => Array
                (
                    [file] => /var/www/html/moodle/mod/assign/classes/output/renderer.php
                    [line] => 1396
                    [function] => plagiarism_get_links
                )

            [7] => Array
                (
                    [file] => /var/www/html/moodle/mod/assign/classes/output/renderer.php
                    [line] => 74
                    [function] => htmllize_tree
                    [class] => mod_assign\output\renderer
                    [type] => ->
                )

            [8] => Array
                (
                    [file] => /var/www/html/moodle/lib/outputrenderers.php
                    [line] => 495
                    [function] => render_assign_files
                    [class] => mod_assign\output\renderer
                    [type] => ->
                )

            [9] => Array
                (
                    [file] => /var/www/html/moodle/mod/assign/classes/output/renderer.php
                    [line] => 61
                    [function] => render
                    [class] => plugin_renderer_base
                    [type] => ->
                )

            [10] => Array
                (
                    [file] => /var/www/html/moodle/mod/assign/locallib.php
                    [line] => 6294
                    [function] => assign_files
                    [class] => mod_assign\output\renderer
                    [type] => ->
                )

            [11] => Array
                (
                    [file] => /var/www/html/moodle/mod/assign/submission/file/locallib.php
                    [line] => 378
                    [function] => render_area_files
                    [class] => assign
                    [type] => ->
                )

            [12] => Array
                (
                    [file] => /var/www/html/moodle/mod/assign/classes/output/renderer.php
                    [line] => 1048
                    [function] => view_summary
                    [class] => assign_submission_file
                    [type] => ->
                )

            [13] => Array
                (
                    [file] => /var/www/html/moodle/lib/outputrenderers.php
                    [line] => 495
                    [function] => render_assign_submission_plugin_submission
                    [class] => mod_assign\output\renderer
                    [type] => ->
                )

            [14] => Array
                (
                    [file] => /var/www/html/moodle/mod/assign/classes/output/renderer.php
                    [line] => 857
                    [function] => render
                    [class] => plugin_renderer_base
                    [type] => ->
                )

            [15] => Array
                (
                    [file] => /var/www/html/moodle/lib/outputrenderers.php
                    [line] => 495
                    [function] => render_assign_submission_status
                    [class] => mod_assign\output\renderer
                    [type] => ->
                )

            [16] => Array
                (
                    [file] => /var/www/html/moodle/mod/assign/locallib.php
                    [line] => 5564
                    [function] => render
                    [class] => plugin_renderer_base
                    [type] => ->
                )

            [17] => Array
                (
                    [file] => /var/www/html/moodle/mod/assign/locallib.php
                    [line] => 5935
                    [function] => view_student_summary
                    [class] => assign
                    [type] => ->
                )

            [18] => Array
                (
                    [file] => /var/www/html/moodle/mod/assign/locallib.php
                    [line] => 691
                    [function] => view_submission_page
                    [class] => assign
                    [type] => ->
                )

            [19] => Array
                (
                    [file] => /var/www/html/moodle/mod/assign/view.php
                    [line] => 55
                    [function] => view
                    [class] => assign
                    [type] => ->
                )

        )

    [previous:Exception:private] => 
    [errorcode] => dmlreadexception
    [module] => error
    [a] => 
    [link] => 
    [debuginfo] => Unknown column 'contenhash' in 'where clause'
SELECT * FROM mdl_plagiarism_drillbit_files WHERE userid = ? AND cm = ? AND identifier = ? AND contenhash = ?  ORDER BY lastmodified DESC LIMIT 0, 1
[array (
  0 => '3',
  1 => '2',
  2 => 'af58715fbb82dc398be151840983cba0a5995598',
  3 => 1,
)]
    [error] => Unknown column 'contenhash' in 'where clause'
    [sql] => SELECT * FROM mdl_plagiarism_drillbit_files WHERE userid = ? AND cm = ? AND identifier = ? AND contenhash = ?  ORDER BY lastmodified DESC LIMIT 0, 1
    [params] => Array
        (
            [0] => 3
            [1] => 2
            [2] => af58715fbb82dc398be151840983cba0a5995598
            [3] => 1
        )

)
Array
(
    [eventdata = ] => Array
        (
            [eventname] => \assignsubmission_onlinetext\event\assessable_uploaded
            [component] => assignsubmission_onlinetext
            [action] => uploaded
            [target] => assessable
            [objecttable] => assign_submission
            [objectid] => 3
            [crud] => c
            [edulevel] => 2
            [contextid] => 18
            [contextlevel] => 70
            [contextinstanceid] => 2
            [userid] => 3
            [courseid] => 2
            [relateduserid] => 
            [anonymous] => 0
            [other] => Array
                (
                    [pathnamehashes] => Array
                        (
                        )

                    [content] => <p>The error message you're encountering indicates that there is a problem with the timezone database in your PHP installation. This can occur for several reasons, such as an outdated or corrupted timezone database.</p>
<p>Here are steps you can take to resolve the issue:</p>
<h3>1. Update PHP</h3>
<p>Make sure you are running a supported version of PHP, especially since you mentioned needing PHP 8.0.0 for Moodle. If you're using a newer version (like PHP 8.1), consider downgrading to PHP 8.0.x.</p>
<h3>2. Update the Timezone Database</h3>
<p>You can update the timezone database using the following methods:</p>
                    [format] => 1
                    [modulename] => assign
                )

            [timecreated] => 1728566011
            [eventtype] => content_uploaded
        )

)
Array
(
    [eventdata = ] => Array
        (
            [eventname] => \assignsubmission_file\event\assessable_uploaded
            [component] => assignsubmission_file
            [action] => uploaded
            [target] => assessable
            [objecttable] => assign_submission
            [objectid] => 3
            [crud] => c
            [edulevel] => 2
            [contextid] => 18
            [contextlevel] => 70
            [contextinstanceid] => 2
            [userid] => 3
            [courseid] => 2
            [relateduserid] => 
            [anonymous] => 0
            [other] => Array
                (
                    [content] => 
                    [pathnamehashes] => Array
                        (
                            [0] => 20f0ee71d27cd2ae71cdec1f5ad521e1e7e4503f
                        )

                    [modulename] => assign
                )

            [timecreated] => 1728566011
            [eventtype] => file_uploaded
        )

)
Array
(
    [eventdata = ] => Array
        (
            [eventname] => \mod_assign\event\assessable_submitted
            [component] => mod_assign
            [action] => submitted
            [target] => assessable
            [objecttable] => assign_submission
            [objectid] => 3
            [crud] => u
            [edulevel] => 2
            [contextid] => 18
            [contextlevel] => 70
            [contextinstanceid] => 2
            [userid] => 3
            [courseid] => 2
            [relateduserid] => 
            [anonymous] => 0
            [other] => Array
                (
                    [submission_editable] => 1
                    [modulename] => assign
                )

            [timecreated] => 1728566011
            [eventtype] => assessable_submitted
        )

)
