Array
(
    [eventname] => \mod_quiz\event\attempt_submitted
    [component] => mod_quiz
    [action] => submitted
    [target] => attempt
    [objecttable] => quiz_attempts
    [objectid] => 1
    [crud] => u
    [edulevel] => 2
    [contextid] => 25
    [contextlevel] => 70
    [contextinstanceid] => 7
    [userid] => 3
    [courseid] => 2
    [relateduserid] => 3
    [anonymous] => 0
    [other] => Array
        (
            [submitterid] => 3
            [quizid] => 1
            [studentisonline] => 1
            [modulename] => quiz
        )

    [timecreated] => 1727414787
    [eventtype] => quiz_submitted
)
